Arguments: 
  /usr/local/bin/node /usr/local/bin/yarn start

PATH: 
  /Library/Java/JavaVirtualMachines/jdk1.8.0_151.jdk/Contents/Home/bin:/usr/local/bin:/usr/bin:/bin:/usr/sbin:/sbin:/Library/Java/JavaVirtualMachines/jdk1.8.0_151.jdk/Contents/Home/bin:/Users/apple/Documents/jobs/javas/apache-maven-3.5.2/bin:/Users/apple/Documents/jobs/javas/gradle-4.4/bin:/Users/apple/Library/Android/sdk/tools:/Users/apple/Library/Android/sdk/platform-tools:/Users/apple/Documents/jobs/javas/apache-maven-3.5.2/bin:/Users/apple/Documents/jobs/javas/gradle-4.4/bin:/Users/apple/Library/Android/sdk/tools:/Users/apple/Library/Android/sdk/platform-tools:

Yarn version: 
  1.5.1

Node version: 
  8.11.4

Platform: 
  darwin x64

npm manifest: 
  {
    "name": "sosout-admin",
    "version": "0.0.1",
    "private": true,
    "scripts": {
      "start": "node ./bin/www"
    },
    "dependencies": {
      "body-parser": "~1.15.1",
      "cookie-parser": "~1.4.3",
      "debug": "~2.2.0",
      "express": "~4.13.4",
      "morgan": "~1.7.0",
      "serve-favicon": "~2.3.0"
    },
    "devDependencies": {
      "mysql": "^2.11.1",
      "xtemplate": "^4.6.0",
      "xtpl": "^3.3.0"
    }
  }

yarn manifest: 
  No manifest

Lockfile: 
  # THIS IS AN AUTOGENERATED FILE. DO NOT EDIT THIS FILE DIRECTLY.
  # yarn lockfile v1
  
  
  accepts@~1.2.12:
    version "1.2.13"
    resolved "https://registry.npmjs.org/accepts/-/accepts-1.2.13.tgz#e5f1f3928c6d95fd96558c36ec3d9d0de4a6ecea"
    dependencies:
      mime-types "~2.1.6"
      negotiator "0.5.3"
  
  array-flatten@1.1.1:
    version "1.1.1"
    resolved "https://registry.npmjs.org/array-flatten/-/array-flatten-1.1.1.tgz#9a5f699051b1e7073328f2a008968b64ea2955d2"
  
  basic-auth@~1.0.3:
    version "1.0.4"
    resolved "https://registry.npmjs.org/basic-auth/-/basic-auth-1.0.4.tgz#030935b01de7c9b94a824b29f3fccb750d3a5290"
  
  bignumber.js@4.1.0:
    version "4.1.0"
    resolved "https://registry.npmjs.org/bignumber.js/-/bignumber.js-4.1.0.tgz#db6f14067c140bd46624815a7916c92d9b6c24b1"
  
  body-parser@~1.15.1:
    version "1.15.2"
    resolved "https://registry.npmjs.org/body-parser/-/body-parser-1.15.2.tgz#d7578cf4f1d11d5f6ea804cef35dc7a7ff6dae67"
    dependencies:
      bytes "2.4.0"
      content-type "~1.0.2"
      debug "~2.2.0"
      depd "~1.1.0"
      http-errors "~1.5.0"
      iconv-lite "0.4.13"
      on-finished "~2.3.0"
      qs "6.2.0"
      raw-body "~2.1.7"
      type-is "~1.6.13"
  
  bytes@2.4.0:
    version "2.4.0"
    resolved "https://registry.npmjs.org/bytes/-/bytes-2.4.0.tgz#7d97196f9d5baf7f6935e25985549edd2a6c2339"
  
  content-disposition@0.5.1:
    version "0.5.1"
    resolved "https://registry.npmjs.org/content-disposition/-/content-disposition-0.5.1.tgz#87476c6a67c8daa87e32e87616df883ba7fb071b"
  
  content-type@~1.0.1, content-type@~1.0.2:
    version "1.0.4"
    resolved "https://registry.npmjs.org/content-type/-/content-type-1.0.4.tgz#e138cc75e040c727b1966fe5e5f8c9aee256fe3b"
  
  cookie-parser@~1.4.3:
    version "1.4.3"
    resolved "https://registry.npmjs.org/cookie-parser/-/cookie-parser-1.4.3.tgz#0fe31fa19d000b95f4aadf1f53fdc2b8a203baa5"
    dependencies:
      cookie "0.3.1"
      cookie-signature "1.0.6"
  
  cookie-signature@1.0.6:
    version "1.0.6"
    resolved "https://registry.npmjs.org/cookie-signature/-/cookie-signature-1.0.6.tgz#e303a882b342cc3ee8ca513a79999734dab3ae2c"
  
  cookie@0.1.5:
    version "0.1.5"
    resolved "https://registry.npmjs.org/cookie/-/cookie-0.1.5.tgz#6ab9948a4b1ae21952cd2588530a4722d4044d7c"
  
  cookie@0.3.1:
    version "0.3.1"
    resolved "https://registry.npmjs.org/cookie/-/cookie-0.3.1.tgz#e7e0a1f9ef43b4c8ba925c5c5a96e806d16873bb"
  
  core-util-is@~1.0.0:
    version "1.0.2"
    resolved "https://registry.npmjs.org/core-util-is/-/core-util-is-1.0.2.tgz#b5fd54220aa2bc5ab57aab7140c940754503c1a7"
  
  debug@~2.2.0:
    version "2.2.0"
    resolved "https://registry.npmjs.org/debug/-/debug-2.2.0.tgz#f87057e995b1a1f6ae6a4960664137bc56f039da"
    dependencies:
      ms "0.7.1"
  
  depd@~1.1.0:
    version "1.1.2"
    resolved "https://registry.npmjs.org/depd/-/depd-1.1.2.tgz#9bcd52e14c097763e749b274c4346ed2e560b5a9"
  
  destroy@~1.0.4:
    version "1.0.4"
    resolved "https://registry.npmjs.org/destroy/-/destroy-1.0.4.tgz#978857442c44749e4206613e37946205826abd80"
  
  ee-first@1.1.1:
    version "1.1.1"
    resolved "https://registry.npmjs.org/ee-first/-/ee-first-1.1.1.tgz#590c61156b0ae2f4f0255732a158b266bc56b21d"
  
  escape-html@~1.0.3:
    version "1.0.3"
    resolved "https://registry.npmjs.org/escape-html/-/escape-html-1.0.3.tgz#0258eae4d3d0c0974de1c169188ef0051d1d1988"
  
  etag@~1.7.0:
    version "1.7.0"
    resolved "https://registry.npmjs.org/etag/-/etag-1.7.0.tgz#03d30b5f67dd6e632d2945d30d6652731a34d5d8"
  
  express@~4.13.4:
    version "4.13.4"
    resolved "http://registry.npmjs.org/express/-/express-4.13.4.tgz#3c0b76f3c77590c8345739061ec0bd3ba067ec24"
    dependencies:
      accepts "~1.2.12"
      array-flatten "1.1.1"
      content-disposition "0.5.1"
      content-type "~1.0.1"
      cookie "0.1.5"
      cookie-signature "1.0.6"
      debug "~2.2.0"
      depd "~1.1.0"
      escape-html "~1.0.3"
      etag "~1.7.0"
      finalhandler "0.4.1"
      fresh "0.3.0"
      merge-descriptors "1.0.1"
      methods "~1.1.2"
      on-finished "~2.3.0"
      parseurl "~1.3.1"
      path-to-regexp "0.1.7"
      proxy-addr "~1.0.10"
      qs "4.0.0"
      range-parser "~1.0.3"
      send "0.13.1"
      serve-static "~1.10.2"
      type-is "~1.6.6"
      utils-merge "1.0.0"
      vary "~1.0.1"
  
  finalhandler@0.4.1:
    version "0.4.1"
    resolved "https://registry.npmjs.org/finalhandler/-/finalhandler-0.4.1.tgz#85a17c6c59a94717d262d61230d4b0ebe3d4a14d"
    dependencies:
      debug "~2.2.0"
      escape-html "~1.0.3"
      on-finished "~2.3.0"
      unpipe "~1.0.0"
  
  forwarded@~0.1.0:
    version "0.1.2"
    resolved "https://registry.npmjs.org/forwarded/-/forwarded-0.1.2.tgz#98c23dab1175657b8c0573e8ceccd91b0ff18c84"
  
  fresh@0.3.0:
    version "0.3.0"
    resolved "https://registry.npmjs.org/fresh/-/fresh-0.3.0.tgz#651f838e22424e7566de161d8358caa199f83d4f"
  
  http-errors@~1.3.1:
    version "1.3.1"
    resolved "https://registry.npmjs.org/http-errors/-/http-errors-1.3.1.tgz#197e22cdebd4198585e8694ef6786197b91ed942"
    dependencies:
      inherits "~2.0.1"
      statuses "1"
  
  http-errors@~1.5.0:
    version "1.5.1"
    resolved "https://registry.npmjs.org/http-errors/-/http-errors-1.5.1.tgz#788c0d2c1de2c81b9e6e8c01843b6b97eb920750"
    dependencies:
      inherits "2.0.3"
      setprototypeof "1.0.2"
      statuses ">= 1.3.1 < 2"
  
  iconv-lite@0.4.13:
    version "0.4.13"
    resolved "https://registry.npmjs.org/iconv-lite/-/iconv-lite-0.4.13.tgz#1f88aba4ab0b1508e8312acc39345f36e992e2f2"
  
  inherits@2.0.3, inherits@~2.0.1, inherits@~2.0.3:
    version "2.0.3"
    resolved "https://registry.npmjs.org/inherits/-/inherits-2.0.3.tgz#633c2c83e3da42a502f52466022480f4208261de"
  
  ipaddr.js@1.0.5:
    version "1.0.5"
    resolved "https://registry.npmjs.org/ipaddr.js/-/ipaddr.js-1.0.5.tgz#5fa78cf301b825c78abc3042d812723049ea23c7"
  
  isarray@~1.0.0:
    version "1.0.0"
    resolved "https://registry.npmjs.org/isarray/-/isarray-1.0.0.tgz#bb935d48582cba168c06834957a54a3e07124f11"
  
  media-typer@0.3.0:
    version "0.3.0"
    resolved "https://registry.npmjs.org/media-typer/-/media-typer-0.3.0.tgz#8710d7af0aa626f8fffa1ce00168545263255748"
  
  merge-descriptors@1.0.1:
    version "1.0.1"
    resolved "https://registry.npmjs.org/merge-descriptors/-/merge-descriptors-1.0.1.tgz#b00aaa556dd8b44568150ec9d1b953f3f90cbb61"
  
  methods@~1.1.2:
    version "1.1.2"
    resolved "https://registry.npmjs.org/methods/-/methods-1.1.2.tgz#5529a4d67654134edcc5266656835b0f851afcee"
  
  mime-db@~1.36.0:
    version "1.36.0"
    resolved "https://registry.npmjs.org/mime-db/-/mime-db-1.36.0.tgz#5020478db3c7fe93aad7bbcc4dcf869c43363397"
  
  mime-types@~2.1.18, mime-types@~2.1.6:
    version "2.1.20"
    resolved "https://registry.npmjs.org/mime-types/-/mime-types-2.1.20.tgz#930cb719d571e903738520f8470911548ca2cc19"
    dependencies:
      mime-db "~1.36.0"
  
  mime@1.3.4:
    version "1.3.4"
    resolved "https://registry.npmjs.org/mime/-/mime-1.3.4.tgz#115f9e3b6b3daf2959983cb38f149a2d40eb5d53"
  
  morgan@~1.7.0:
    version "1.7.0"
    resolved "http://registry.npmjs.org/morgan/-/morgan-1.7.0.tgz#eb10ca8e50d1abe0f8d3dad5c0201d052d981c62"
    dependencies:
      basic-auth "~1.0.3"
      debug "~2.2.0"
      depd "~1.1.0"
      on-finished "~2.3.0"
      on-headers "~1.0.1"
  
  ms@0.7.1:
    version "0.7.1"
    resolved "https://registry.npmjs.org/ms/-/ms-0.7.1.tgz#9cd13c03adbff25b65effde7ce864ee952017098"
  
  ms@0.7.2:
    version "0.7.2"
    resolved "https://registry.npmjs.org/ms/-/ms-0.7.2.tgz#ae25cf2512b3885a1d95d7f037868d8431124765"
  
  mysql@^2.11.1:
    version "2.16.0"
    resolved "https://registry.npmjs.org/mysql/-/mysql-2.16.0.tgz#b23b22ab5de44fc2d5d32bd4f5af6653fc45e2ba"
    dependencies:
      bignumber.js "4.1.0"
      readable-stream "2.3.6"
      safe-buffer "5.1.2"
      sqlstring "2.3.1"
  
  negotiator@0.5.3:
    version "0.5.3"
    resolved "https://registry.npmjs.org/negotiator/-/negotiator-0.5.3.tgz#269d5c476810ec92edbe7b6c2f28316384f9a7e8"
  
  on-finished@~2.3.0:
    version "2.3.0"
    resolved "https://registry.npmjs.org/on-finished/-/on-finished-2.3.0.tgz#20f1336481b083cd75337992a16971aa2d906947"
    dependencies:
      ee-first "1.1.1"
  
  on-headers@~1.0.1:
    version "1.0.1"
    resolved "https://registry.npmjs.org/on-headers/-/on-headers-1.0.1.tgz#928f5d0f470d49342651ea6794b0857c100693f7"
  
  parseurl@~1.3.1:
    version "1.3.2"
    resolved "https://registry.npmjs.org/parseurl/-/parseurl-1.3.2.tgz#fc289d4ed8993119460c156253262cdc8de65bf3"
  
  path-to-regexp@0.1.7:
    version "0.1.7"
    resolved "https://registry.npmjs.org/path-to-regexp/-/path-to-regexp-0.1.7.tgz#df604178005f522f15eb4490e7247a1bfaa67f8c"
  
  process-nextick-args@~2.0.0:
    version "2.0.0"
    resolved "https://registry.npmjs.org/process-nextick-args/-/process-nextick-args-2.0.0.tgz#a37d732f4271b4ab1ad070d35508e8290788ffaa"
  
  proxy-addr@~1.0.10:
    version "1.0.10"
    resolved "https://registry.npmjs.org/proxy-addr/-/proxy-addr-1.0.10.tgz#0d40a82f801fc355567d2ecb65efe3f077f121c5"
    dependencies:
      forwarded "~0.1.0"
      ipaddr.js "1.0.5"
  
  qs@4.0.0:
    version "4.0.0"
    resolved "https://registry.npmjs.org/qs/-/qs-4.0.0.tgz#c31d9b74ec27df75e543a86c78728ed8d4623607"
  
  qs@6.2.0:
    version "6.2.0"
    resolved "https://registry.npmjs.org/qs/-/qs-6.2.0.tgz#3b7848c03c2dece69a9522b0fae8c4126d745f3b"
  
  range-parser@~1.0.3:
    version "1.0.3"
    resolved "https://registry.npmjs.org/range-parser/-/range-parser-1.0.3.tgz#6872823535c692e2c2a0103826afd82c2e0ff175"
  
  raw-body@~2.1.7:
    version "2.1.7"
    resolved "https://registry.npmjs.org/raw-body/-/raw-body-2.1.7.tgz#adfeace2e4fb3098058014d08c072dcc59758774"
    dependencies:
      bytes "2.4.0"
      iconv-lite "0.4.13"
      unpipe "1.0.0"
  
  readable-stream@2.3.6:
    version "2.3.6"
    resolved "https://registry.npmjs.org/readable-stream/-/readable-stream-2.3.6.tgz#b11c27d88b8ff1fbe070643cf94b0c79ae1b0aaf"
    dependencies:
      core-util-is "~1.0.0"
      inherits "~2.0.3"
      isarray "~1.0.0"
      process-nextick-args "~2.0.0"
      safe-buffer "~5.1.1"
      string_decoder "~1.1.1"
      util-deprecate "~1.0.1"
  
  safe-buffer@5.1.2, safe-buffer@~5.1.0, safe-buffer@~5.1.1:
    version "5.1.2"
    resolved "https://registry.npmjs.org/safe-buffer/-/safe-buffer-5.1.2.tgz#991ec69d296e0313747d59bdfd2b745c35f8828d"
  
  send@0.13.1:
    version "0.13.1"
    resolved "https://registry.npmjs.org/send/-/send-0.13.1.tgz#a30d5f4c82c8a9bae9ad00a1d9b1bdbe6f199ed7"
    dependencies:
      debug "~2.2.0"
      depd "~1.1.0"
      destroy "~1.0.4"
      escape-html "~1.0.3"
      etag "~1.7.0"
      fresh "0.3.0"
      http-errors "~1.3.1"
      mime "1.3.4"
      ms "0.7.1"
      on-finished "~2.3.0"
      range-parser "~1.0.3"
      statuses "~1.2.1"
  
  send@0.13.2:
    version "0.13.2"
    resolved "https://registry.npmjs.org/send/-/send-0.13.2.tgz#765e7607c8055452bba6f0b052595350986036de"
    dependencies:
      debug "~2.2.0"
      depd "~1.1.0"
      destroy "~1.0.4"
      escape-html "~1.0.3"
      etag "~1.7.0"
      fresh "0.3.0"
      http-errors "~1.3.1"
      mime "1.3.4"
      ms "0.7.1"
      on-finished "~2.3.0"
      range-parser "~1.0.3"
      statuses "~1.2.1"
  
  serve-favicon@~2.3.0:
    version "2.3.2"
    resolved "https://registry.npmjs.org/serve-favicon/-/serve-favicon-2.3.2.tgz#dd419e268de012ab72b319d337f2105013f9381f"
    dependencies:
      etag "~1.7.0"
      fresh "0.3.0"
      ms "0.7.2"
      parseurl "~1.3.1"
  
  serve-static@~1.10.2:
    version "1.10.3"
    resolved "https://registry.npmjs.org/serve-static/-/serve-static-1.10.3.tgz#ce5a6ecd3101fed5ec09827dac22a9c29bfb0535"
    dependencies:
      escape-html "~1.0.3"
      parseurl "~1.3.1"
      send "0.13.2"
  
  setprototypeof@1.0.2:
    version "1.0.2"
    resolved "https://registry.npmjs.org/setprototypeof/-/setprototypeof-1.0.2.tgz#81a552141ec104b88e89ce383103ad5c66564d08"
  
  sqlstring@2.3.1:
    version "2.3.1"
    resolved "https://registry.npmjs.org/sqlstring/-/sqlstring-2.3.1.tgz#475393ff9e91479aea62dcaf0ca3d14983a7fb40"
  
  statuses@1, "statuses@>= 1.3.1 < 2":
    version "1.5.0"
    resolved "https://registry.npmjs.org/statuses/-/statuses-1.5.0.tgz#161c7dac177659fd9811f43771fa99381478628c"
  
  statuses@~1.2.1:
    version "1.2.1"
    resolved "https://registry.npmjs.org/statuses/-/statuses-1.2.1.tgz#dded45cc18256d51ed40aec142489d5c61026d28"
  
  string_decoder@~1.1.1:
    version "1.1.1"
    resolved "https://registry.npmjs.org/string_decoder/-/string_decoder-1.1.1.tgz#9cf1611ba62685d7030ae9e4ba34149c3af03fc8"
    dependencies:
      safe-buffer "~5.1.0"
  
  type-is@~1.6.13, type-is@~1.6.6:
    version "1.6.16"
    resolved "https://registry.npmjs.org/type-is/-/type-is-1.6.16.tgz#f89ce341541c672b25ee7ae3c73dee3b2be50194"
    dependencies:
      media-typer "0.3.0"
      mime-types "~2.1.18"
  
  unpipe@1.0.0, unpipe@~1.0.0:
    version "1.0.0"
    resolved "https://registry.npmjs.org/unpipe/-/unpipe-1.0.0.tgz#b2bf4ee8514aae6165b4817829d21b2ef49904ec"
  
  util-deprecate@~1.0.1:
    version "1.0.2"
    resolved "https://registry.npmjs.org/util-deprecate/-/util-deprecate-1.0.2.tgz#450d4dc9fa70de732762fbd2d4a28981419a0ccf"
  
  utils-merge@1.0.0:
    version "1.0.0"
    resolved "https://registry.npmjs.org/utils-merge/-/utils-merge-1.0.0.tgz#0294fb922bb9375153541c4f7096231f287c8af8"
  
  vary@~1.0.1:
    version "1.0.1"
    resolved "https://registry.npmjs.org/vary/-/vary-1.0.1.tgz#99e4981566a286118dfb2b817357df7993376d10"
  
  xtemplate@^4.6.0:
    version "4.6.1"
    resolved "https://registry.npmjs.org/xtemplate/-/xtemplate-4.6.1.tgz#11bb4fe31e878bda0af9a139ab4d32fe0cffad3f"
    dependencies:
      escape-html "~1.0.3"
  
  xtpl@^3.3.0:
    version "3.4.0"
    resolved "https://registry.npmjs.org/xtpl/-/xtpl-3.4.0.tgz#02af0892d3696ba647507b8021475fa27fadc870"

Trace: 
  Error: Command failed.
  Exit code: 1
  Command: sh
  Arguments: -c node ./bin/www
  Directory: /Users/apple/jobs/fullbook/sosout/sosout-admin
  Output:
  
      at ProcessTermError.MessageError (/usr/local/lib/node_modules/yarn/lib/cli.js:186:110)
      at new ProcessTermError (/usr/local/lib/node_modules/yarn/lib/cli.js:226:113)
      at ChildProcess.<anonymous> (/usr/local/lib/node_modules/yarn/lib/cli.js:30281:17)
      at emitTwo (events.js:126:13)
      at ChildProcess.emit (events.js:214:7)
      at maybeClose (internal/child_process.js:925:16)
      at Process.ChildProcess._handle.onexit (internal/child_process.js:209:5)
